<?xml version="1.0" encoding="UTF-8"?>
<!-- Generated by org.testng.reporters.JUnitXMLReporter -->
<testsuite hostname="mamlu" ignored="0" name="Default test" tests="3" failures="0" timestamp="04 Jul 2018 15:24:54 GMT" time="238.235" errors="0">
  <testcase name="VisaCheckoutGuestUser" time="48.882" classname="com.tests.VisaCheckOut"/>
  <testcase name="VisaCheckoutGuestUser1" time="33.767" classname="com.tests.VisaCheckOut"/>
  <testcase name="VisaCheckoutGuestUser2" time="68.21" classname="com.tests.VisaCheckOut"/>
</testsuite> <!-- Default test -->
