<?xml version="1.0" encoding="UTF-8"?>
<!-- Generated by org.testng.reporters.JUnitXMLReporter -->
<testsuite hostname="mamlu" ignored="0" name="Checkouts" tests="3" failures="3" timestamp="10 Dec 2017 08:04:43 GMT" time="196.172" errors="0">
  <testcase name="VisaCheckoutGuestUser" time="0.608" classname="com.tests.VisaCheckOut">
    <failure type="java.lang.NullPointerException">
      <![CDATA[java.lang.NullPointerException
	at com.Utilities.Action.setText(Action.java:27)
	at com.pages.HomePage.searchProduct(HomePage.java:16)
	at com.tests.VisaCheckOut.VisaCheckoutGuestUser(VisaCheckOut.java:43)
... Removed 25 stack frames]]>
    </failure>
  </testcase> <!-- VisaCheckoutGuestUser -->
  <testcase name="VisaCheckoutGuestUser1" time="0.166" classname="com.tests.VisaCheckOut">
    <failure type="java.lang.NullPointerException">
      <![CDATA[java.lang.NullPointerException
	at com.Utilities.Action.setText(Action.java:27)
	at com.pages.HomePage.searchProduct(HomePage.java:16)
	at com.tests.VisaCheckOut.VisaCheckoutGuestUser1(VisaCheckOut.java:59)
... Removed 25 stack frames]]>
    </failure>
  </testcase> <!-- VisaCheckoutGuestUser1 -->
  <testcase name="VisaCheckoutGuestUser2" time="0.186" classname="com.tests.VisaCheckOut">
    <failure type="java.lang.NullPointerException">
      <![CDATA[java.lang.NullPointerException
	at com.Utilities.Action.setText(Action.java:27)
	at com.pages.HomePage.searchProduct(HomePage.java:16)
	at com.tests.VisaCheckOut.VisaCheckoutGuestUser2(VisaCheckOut.java:73)
... Removed 25 stack frames]]>
    </failure>
  </testcase> <!-- VisaCheckoutGuestUser2 -->
</testsuite> <!-- Checkouts -->
